mode: set
github.com\jkk111\indigo\git\index.go:22.38,25.17 2 1
github.com\jkk111\indigo\git\index.go:29.3,29.22 1 1
github.com\jkk111\indigo\git\index.go:25.17,26.15 1 0
github.com\jkk111\indigo\git\index.go:32.42,37.19 4 1
github.com\jkk111\indigo\git\index.go:41.3,41.20 1 1
github.com\jkk111\indigo\git\index.go:45.3,50.22 5 1
github.com\jkk111\indigo\git\index.go:54.3,56.19 2 1
github.com\jkk111\indigo\git\index.go:60.3,60.25 1 1
github.com\jkk111\indigo\git\index.go:37.19,38.17 1 0
github.com\jkk111\indigo\git\index.go:41.20,42.18 1 0
github.com\jkk111\indigo\git\index.go:50.22,51.20 1 0
github.com\jkk111\indigo\git\index.go:56.19,57.23 1 0
github.com\jkk111\indigo\git\index.go:63.38,65.2 1 1
github.com\jkk111\indigo\git\index.go:67.35,71.17 3 1
github.com\jkk111\indigo\git\index.go:74.3,74.14 1 1
github.com\jkk111\indigo\git\index.go:71.17,73.4 1 0
github.com\jkk111\indigo\git\index.go:77.47,78.17 1 1
github.com\jkk111\indigo\git\index.go:82.3,84.17 2 1
github.com\jkk111\indigo\git\index.go:88.3,92.34 4 1
github.com\jkk111\indigo\git\index.go:103.3,103.18 1 1
github.com\jkk111\indigo\git\index.go:78.17,80.4 1 0
github.com\jkk111\indigo\git\index.go:84.17,86.4 1 1
github.com\jkk111\indigo\git\index.go:92.34,95.24 2 1
github.com\jkk111\indigo\git\index.go:99.5,100.29 2 1
github.com\jkk111\indigo\git\index.go:95.24,97.6 1 0
