mode: set
github.com\jkk111\indigo\logger\index.go:14.13,17.2 2 1
github.com\jkk111\indigo\logger\index.go:28.89,41.15 8 1
github.com\jkk111\indigo\logger\index.go:45.3,45.16 1 1
github.com\jkk111\indigo\logger\index.go:49.3,52.13 3 1
github.com\jkk111\indigo\logger\index.go:60.3,69.14 3 1
github.com\jkk111\indigo\logger\index.go:41.15,42.13 1 0
github.com\jkk111\indigo\logger\index.go:45.16,46.14 1 0
github.com\jkk111\indigo\logger\index.go:52.13,58.4 4 1
github.com\jkk111\indigo\proxy\proxy-router.go:23.71,24.16 1 1
github.com\jkk111\indigo\proxy\proxy-router.go:28.3,28.35 1 1
github.com\jkk111\indigo\proxy\proxy-router.go:24.16,26.4 1 1
github.com\jkk111\indigo\proxy\proxy-router.go:35.50,37.2 1 0
github.com\jkk111\indigo\proxy\proxy-router.go:39.53,42.2 2 0
github.com\jkk111\indigo\proxy\proxy-router.go:44.36,49.2 4 0
github.com\jkk111\indigo\proxy\proxy-router.go:51.37,56.2 4 0
github.com\jkk111\indigo\proxy\proxy-router.go:58.72,60.26 2 0
github.com\jkk111\indigo\proxy\proxy-router.go:73.3,73.13 1 0
github.com\jkk111\indigo\proxy\proxy-router.go:61.23,62.25 1 0
github.com\jkk111\indigo\proxy\proxy-router.go:68.13,70.27 2 0
github.com\jkk111\indigo\proxy\proxy-router.go:62.25,64.8 1 0
github.com\jkk111\indigo\proxy\proxy-router.go:64.13,64.32 1 0
github.com\jkk111\indigo\proxy\proxy-router.go:64.32,66.8 1 0
github.com\jkk111\indigo\proxy\proxy-router.go:79.103,92.2 3 1
github.com\jkk111\indigo\proxy\proxy-router.go:94.88,100.17 4 1
github.com\jkk111\indigo\proxy\proxy-router.go:106.3,106.22 1 1
github.com\jkk111\indigo\proxy\proxy-router.go:114.3,114.17 1 1
github.com\jkk111\indigo\proxy\proxy-router.go:118.3,118.18 1 1
github.com\jkk111\indigo\proxy\proxy-router.go:100.17,103.4 2 0
github.com\jkk111\indigo\proxy\proxy-router.go:106.22,108.4 1 1
github.com\jkk111\indigo\proxy\proxy-router.go:108.9,108.28 1 0
github.com\jkk111\indigo\proxy\proxy-router.go:108.29,110.4 0 0
github.com\jkk111\indigo\proxy\proxy-router.go:110.9,112.4 1 0
github.com\jkk111\indigo\proxy\proxy-router.go:114.17,116.4 1 0
github.com\jkk111\indigo\proxy\proxy-router.go:125.39,128.2 2 1
github.com\jkk111\indigo\proxy\proxy-router.go:130.50,131.32 1 1
github.com\jkk111\indigo\proxy\proxy-router.go:131.32,133.4 1 1
github.com\jkk111\indigo\proxy\proxy-router.go:136.81,142.28 5 1
github.com\jkk111\indigo\proxy\proxy-router.go:148.3,148.61 1 0
github.com\jkk111\indigo\proxy\proxy-router.go:152.3,152.47 1 0
github.com\jkk111\indigo\proxy\proxy-router.go:142.28,144.4 1 1
github.com\jkk111\indigo\proxy\proxy-router.go:144.9,144.26 1 1
github.com\jkk111\indigo\proxy\proxy-router.go:144.26,146.4 1 1
github.com\jkk111\indigo\proxy\proxy-router.go:148.61,150.4 1 0
github.com\jkk111\indigo\proxy\proxy-router.go:152.47,154.4 1 0
github.com\jkk111\indigo\proxy\proxy-router.go:154.9,156.4 1 0
github.com\jkk111\indigo\proxy\proxy-router.go:159.85,162.2 2 1
github.com\jkk111\indigo\proxy\proxy-router.go:168.39,176.2 3 1
github.com\jkk111\indigo\proxy\proxy-router.go:178.90,180.2 1 1
github.com\jkk111\indigo\proxy\proxy-router.go:182.76,186.17 3 1
github.com\jkk111\indigo\proxy\proxy-router.go:190.3,190.17 1 1
github.com\jkk111\indigo\proxy\proxy-router.go:194.3,194.17 1 1
github.com\jkk111\indigo\proxy\proxy-router.go:198.3,200.19 2 1
github.com\jkk111\indigo\proxy\proxy-router.go:186.17,188.4 1 1
github.com\jkk111\indigo\proxy\proxy-router.go:190.17,192.4 1 1
github.com\jkk111\indigo\proxy\proxy-router.go:194.17,196.4 1 0
github.com\jkk111\indigo\proxy\proxy-router.go:200.19,203.25 2 1
github.com\jkk111\indigo\proxy\proxy-router.go:209.5,213.20 3 1
github.com\jkk111\indigo\proxy\proxy-router.go:230.5,240.20 9 1
github.com\jkk111\indigo\proxy\proxy-router.go:246.5,248.26 2 1
github.com\jkk111\indigo\proxy\proxy-router.go:203.25,205.6 1 1
github.com\jkk111\indigo\proxy\proxy-router.go:205.11,205.36 1 0
github.com\jkk111\indigo\proxy\proxy-router.go:205.36,207.6 1 0
github.com\jkk111\indigo\proxy\proxy-router.go:213.20,219.6 1 1
github.com\jkk111\indigo\proxy\proxy-router.go:219.11,222.21 2 0
github.com\jkk111\indigo\proxy\proxy-router.go:227.7,227.28 1 0
github.com\jkk111\indigo\proxy\proxy-router.go:222.21,225.8 2 0
github.com\jkk111\indigo\proxy\proxy-router.go:240.20,242.6 1 1
github.com\jkk111\indigo\proxy\proxy-router.go:242.11,244.6 1 0
github.com\jkk111\indigo\proxy\proxy-router.go:250.9,252.4 1 1
github.com\jkk111\indigo\proxy\proxy-router.go:255.46,257.2 1 0
github.com\jkk111\indigo\proxy\proxy-router.go:259.32,261.2 1 1
github.com\jkk111\indigo\proxy\proxy-rules.go:17.43,20.2 2 1
github.com\jkk111\indigo\proxy\proxy-rules.go:22.73,23.30 1 1
github.com\jkk111\indigo\proxy\proxy-rules.go:23.30,25.4 1 1
github.com\jkk111\indigo\proxy\proxy-rules.go:25.9,27.39 2 0
github.com\jkk111\indigo\proxy\proxy-rules.go:38.60,39.20 1 1
github.com\jkk111\indigo\proxy\proxy-rules.go:43.3,49.40 6 1
github.com\jkk111\indigo\proxy\proxy-rules.go:86.3,86.15 1 1
github.com\jkk111\indigo\proxy\proxy-rules.go:91.3,91.88 1 1
github.com\jkk111\indigo\proxy\proxy-rules.go:39.20,41.4 1 0
github.com\jkk111\indigo\proxy\proxy-rules.go:49.40,53.39 3 1
github.com\jkk111\indigo\proxy\proxy-rules.go:61.5,64.68 3 1
github.com\jkk111\indigo\proxy\proxy-rules.go:53.39,56.6 2 0
github.com\jkk111\indigo\proxy\proxy-rules.go:56.11,59.6 2 1
github.com\jkk111\indigo\proxy\proxy-rules.go:64.68,66.25 2 1
github.com\jkk111\indigo\proxy\proxy-rules.go:72.7,74.44 2 1
github.com\jkk111\indigo\proxy\proxy-rules.go:66.25,68.8 1 0
github.com\jkk111\indigo\proxy\proxy-rules.go:68.13,70.8 1 1
github.com\jkk111\indigo\proxy\proxy-rules.go:74.44,75.29 1 1
github.com\jkk111\indigo\proxy\proxy-rules.go:79.9,81.23 3 1
github.com\jkk111\indigo\proxy\proxy-rules.go:75.29,77.10 1 1
github.com\jkk111\indigo\proxy\proxy-rules.go:86.15,89.4 2 1
github.com\jkk111\indigo\proxy\proxy-rules.go:94.57,100.13 4 1
github.com\jkk111\indigo\proxy\proxy-rules.go:104.3,104.19 1 1
github.com\jkk111\indigo\proxy\proxy-rules.go:110.3,110.11 1 1
github.com\jkk111\indigo\proxy\proxy-rules.go:100.13,102.4 1 0
github.com\jkk111\indigo\proxy\proxy-rules.go:104.19,105.27 1 1
github.com\jkk111\indigo\proxy\proxy-rules.go:105.27,107.6 1 0
github.com\jkk111\indigo\proxy\round-tripper_windows.go:9.124,11.2 1 1
github.com\jkk111\indigo\util\index.go:15.25,17.17 2 1
github.com\jkk111\indigo\util\index.go:17.17,18.25 1 0
github.com\jkk111\indigo\util\index.go:18.25,19.17 1 0
github.com\jkk111\indigo\util\index.go:24.25,26.2 1 1
github.com\jkk111\indigo\util\index.go:28.31,29.42 1 1
github.com\jkk111\indigo\util\index.go:36.3,36.14 1 1
github.com\jkk111\indigo\util\index.go:29.42,30.27 1 1
github.com\jkk111\indigo\util\index.go:30.27,32.6 1 1
github.com\jkk111\indigo\util\index.go:32.11,33.17 1 0
github.com\jkk111\indigo\util\index.go:39.24,41.2 1 1
github.com\jkk111\indigo\util\index.go:43.23,46.17 2 1
github.com\jkk111\indigo\util\index.go:50.3,51.19 2 1
github.com\jkk111\indigo\util\index.go:46.17,47.15 1 0
github.com\jkk111\indigo\util\index.go:54.30,56.2 1 1
github.com\jkk111\indigo\util\index.go:58.13,63.12 4 1
github.com\jkk111\indigo\util\index.go:68.3,69.18 2 1
github.com\jkk111\indigo\util\index.go:63.12,66.4 2 0
github.com\jkk111\indigo\util\util_windows.go:8.24,11.17 2 1
github.com\jkk111\indigo\util\util_windows.go:15.3,17.17 2 1
github.com\jkk111\indigo\util\util_windows.go:11.17,12.15 1 0
github.com\jkk111\indigo\util\util_windows.go:17.17,18.15 1 0
github.com\jkk111\indigo\util\util_windows.go:25.50,27.2 1 0
github.com\jkk111\indigo\database\index.go:42.55,44.2 1 1
github.com\jkk111\indigo\database\index.go:46.39,48.17 2 1
github.com\jkk111\indigo\database\index.go:48.17,49.15 1 0
github.com\jkk111\indigo\database\index.go:53.57,55.2 1 1
github.com\jkk111\indigo\database\index.go:57.52,60.17 2 1
github.com\jkk111\indigo\database\index.go:64.3,64.14 1 1
github.com\jkk111\indigo\database\index.go:60.17,61.15 1 0
github.com\jkk111\indigo\database\index.go:67.57,70.2 2 1
github.com\jkk111\indigo\database\index.go:72.59,75.2 2 1
github.com\jkk111\indigo\database\index.go:77.22,78.17 1 1
github.com\jkk111\indigo\database\index.go:78.17,79.15 1 0
github.com\jkk111\indigo\database\index.go:83.28,87.19 3 1
github.com\jkk111\indigo\database\index.go:106.3,108.18 2 1
github.com\jkk111\indigo\database\index.go:87.19,94.19 3 1
github.com\jkk111\indigo\database\index.go:98.5,103.37 5 1
github.com\jkk111\indigo\database\index.go:94.19,95.17 1 0
github.com\jkk111\indigo\database\index.go:111.14,114.22 2 1
github.com\jkk111\indigo\database\index.go:118.3,125.17 5 1
github.com\jkk111\indigo\database\index.go:135.3,136.32 2 1
github.com\jkk111\indigo\database\index.go:114.22,116.4 1 1
github.com\jkk111\indigo\database\index.go:125.17,127.4 1 0
github.com\jkk111\indigo\database\index.go:127.9,133.4 5 1
github.com\jkk111\indigo\database\index.go:139.13,141.2 1 1
github.com\jkk111\indigo\index.go:19.32,20.22 1 1
github.com\jkk111\indigo\index.go:20.22,23.28 3 1
github.com\jkk111\indigo\index.go:23.28,25.6 1 1
github.com\jkk111\indigo\index.go:29.13,34.2 4 1
github.com\jkk111\indigo\index.go:36.20,47.17 8 1
github.com\jkk111\indigo\index.go:53.3,53.19 1 1
github.com\jkk111\indigo\index.go:59.3,59.17 1 1
github.com\jkk111\indigo\index.go:63.3,66.39 3 1
github.com\jkk111\indigo\index.go:47.17,49.4 1 1
github.com\jkk111\indigo\index.go:49.9,49.28 1 0
github.com\jkk111\indigo\index.go:49.28,51.4 1 0
github.com\jkk111\indigo\index.go:53.19,55.4 1 0
github.com\jkk111\indigo\index.go:55.9,57.4 1 1
github.com\jkk111\indigo\index.go:59.17,60.15 1 0
github.com\jkk111\indigo\index.go:66.39,68.4 1 1
github.com\jkk111\indigo\index.go:71.13,74.26 2 1
github.com\jkk111\indigo\index.go:78.3,79.16 2 1
github.com\jkk111\indigo\index.go:74.26,76.4 1 0
github.com\jkk111\indigo\git\index.go:22.38,25.17 2 1
github.com\jkk111\indigo\git\index.go:29.3,29.22 1 1
github.com\jkk111\indigo\git\index.go:25.17,26.15 1 0
github.com\jkk111\indigo\git\index.go:32.42,37.19 4 1
github.com\jkk111\indigo\git\index.go:41.3,41.20 1 1
github.com\jkk111\indigo\git\index.go:45.3,50.22 5 1
github.com\jkk111\indigo\git\index.go:54.3,56.19 2 1
github.com\jkk111\indigo\git\index.go:60.3,60.25 1 1
github.com\jkk111\indigo\git\index.go:37.19,38.17 1 0
github.com\jkk111\indigo\git\index.go:41.20,42.18 1 0
github.com\jkk111\indigo\git\index.go:50.22,51.20 1 0
github.com\jkk111\indigo\git\index.go:56.19,57.23 1 0
github.com\jkk111\indigo\git\index.go:63.38,65.2 1 1
github.com\jkk111\indigo\git\index.go:67.35,71.17 3 1
github.com\jkk111\indigo\git\index.go:74.3,74.14 1 0
github.com\jkk111\indigo\git\index.go:71.17,73.4 1 1
github.com\jkk111\indigo\git\index.go:77.47,78.17 1 1
github.com\jkk111\indigo\git\index.go:82.3,84.17 2 1
github.com\jkk111\indigo\git\index.go:88.3,92.34 4 1
github.com\jkk111\indigo\git\index.go:103.3,103.18 1 1
github.com\jkk111\indigo\git\index.go:78.17,80.4 1 0
github.com\jkk111\indigo\git\index.go:84.17,86.4 1 1
github.com\jkk111\indigo\git\index.go:92.34,95.24 2 1
github.com\jkk111\indigo\git\index.go:99.5,100.29 2 1
github.com\jkk111\indigo\git\index.go:95.24,97.6 1 0
