mode: set
github.com\jkk111\indigo\services\index.go:30.58,31.17 1 1
github.com\jkk111\indigo\services\index.go:35.3,35.11 1 1
github.com\jkk111\indigo\services\index.go:31.17,32.15 1 0
github.com\jkk111\indigo\services\index.go:38.62,53.17 10 1
github.com\jkk111\indigo\services\index.go:53.17,55.15 2 0
github.com\jkk111\indigo\services\index.go:59.103,64.25 5 1
github.com\jkk111\indigo\services\index.go:68.3,80.17 6 1
github.com\jkk111\indigo\services\index.go:84.3,86.17 2 1
github.com\jkk111\indigo\services\index.go:90.3,96.13 7 1
github.com\jkk111\indigo\services\index.go:109.3,109.13 1 1
github.com\jkk111\indigo\services\index.go:64.25,66.4 1 1
github.com\jkk111\indigo\services\index.go:80.17,81.15 1 0
github.com\jkk111\indigo\services\index.go:86.17,87.15 1 0
github.com\jkk111\indigo\services\index.go:96.13,97.25 1 1
github.com\jkk111\indigo\services\index.go:97.25,99.21 2 1
github.com\jkk111\indigo\services\index.go:99.21,102.8 2 0
github.com\jkk111\indigo\services\index.go:102.13,106.8 3 0
github.com\jkk111\indigo\services\index.go:112.36,113.32 1 1
github.com\jkk111\indigo\services\index.go:113.32,115.4 1 1
github.com\jkk111\indigo\services\index.go:115.9,117.4 1 0
github.com\jkk111\indigo\services\index.go:120.14,121.46 1 1
github.com\jkk111\indigo\services\index.go:121.46,123.4 1 1
github.com\jkk111\indigo\services\index.go:126.13,129.36 3 1
github.com\jkk111\indigo\services\index.go:129.36,146.24 14 1
github.com\jkk111\indigo\services\index.go:150.5,152.32 2 1
github.com\jkk111\indigo\services\index.go:158.5,158.60 1 1
github.com\jkk111\indigo\services\index.go:163.5,166.62 3 1
github.com\jkk111\indigo\services\index.go:146.24,147.15 1 1
github.com\jkk111\indigo\services\index.go:152.32,154.6 1 0
github.com\jkk111\indigo\services\index.go:154.11,156.6 1 1
github.com\jkk111\indigo\services\index.go:158.60,161.6 2 0
github.com\jkk111\indigo\services\index.go:170.38,172.2 1 0
