mode: set
github.com\jkk111\indigo\assets\bindata.go:25.60,27.16 2 1
github.com\jkk111\indigo\assets\bindata.go:31.2,35.16 4 1
github.com\jkk111\indigo\assets\bindata.go:38.2,38.18 1 1
github.com\jkk111\indigo\assets\bindata.go:42.2,42.25 1 1
github.com\jkk111\indigo\assets\bindata.go:27.16,29.3 1 0
github.com\jkk111\indigo\assets\bindata.go:35.16,37.3 1 0
github.com\jkk111\indigo\assets\bindata.go:38.18,40.3 1 0
github.com\jkk111\indigo\assets\bindata.go:57.41,59.2 1 1
github.com\jkk111\indigo\assets\bindata.go:60.40,62.2 1 1
github.com\jkk111\indigo\assets\bindata.go:63.46,65.2 1 1
github.com\jkk111\indigo\assets\bindata.go:66.47,68.2 1 1
github.com\jkk111\indigo\assets\bindata.go:69.40,71.2 1 1
github.com\jkk111\indigo\assets\bindata.go:72.45,74.2 1 1
github.com\jkk111\indigo\assets\bindata.go:78.60,83.2 1 1
github.com\jkk111\indigo\assets\bindata.go:85.55,87.16 2 1
github.com\jkk111\indigo\assets\bindata.go:91.2,93.15 3 1
github.com\jkk111\indigo\assets\bindata.go:87.16,89.3 1 0
github.com\jkk111\indigo\assets\bindata.go:98.61,103.2 1 1
github.com\jkk111\indigo\assets\bindata.go:105.56,107.16 2 1
github.com\jkk111\indigo\assets\bindata.go:111.2,113.15 3 1
github.com\jkk111\indigo\assets\bindata.go:107.16,109.3 1 0
github.com\jkk111\indigo\assets\bindata.go:118.53,123.2 1 1
github.com\jkk111\indigo\assets\bindata.go:125.48,127.16 2 1
github.com\jkk111\indigo\assets\bindata.go:131.2,133.15 3 1
github.com\jkk111\indigo\assets\bindata.go:127.16,129.3 1 0
github.com\jkk111\indigo\assets\bindata.go:138.53,143.2 1 1
github.com\jkk111\indigo\assets\bindata.go:145.48,147.16 2 1
github.com\jkk111\indigo\assets\bindata.go:151.2,153.15 3 1
github.com\jkk111\indigo\assets\bindata.go:147.16,149.3 1 0
github.com\jkk111\indigo\assets\bindata.go:158.47,163.2 1 1
github.com\jkk111\indigo\assets\bindata.go:165.42,167.16 2 1
github.com\jkk111\indigo\assets\bindata.go:171.2,173.15 3 1
github.com\jkk111\indigo\assets\bindata.go:167.16,169.3 1 0
github.com\jkk111\indigo\assets\bindata.go:178.56,183.2 1 1
github.com\jkk111\indigo\assets\bindata.go:185.51,187.16 2 1
github.com\jkk111\indigo\assets\bindata.go:191.2,193.15 3 1
github.com\jkk111\indigo\assets\bindata.go:187.16,189.3 1 0
github.com\jkk111\indigo\assets\bindata.go:199.41,201.43 2 1
github.com\jkk111\indigo\assets\bindata.go:208.2,208.52 1 0
github.com\jkk111\indigo\assets\bindata.go:201.43,203.17 2 1
github.com\jkk111\indigo\assets\bindata.go:206.3,206.22 1 1
github.com\jkk111\indigo\assets\bindata.go:203.17,205.4 1 0
github.com\jkk111\indigo\assets\bindata.go:213.36,215.16 2 1
github.com\jkk111\indigo\assets\bindata.go:219.2,219.10 1 1
github.com\jkk111\indigo\assets\bindata.go:215.16,216.54 1 0
github.com\jkk111\indigo\assets\bindata.go:225.50,227.43 2 1
github.com\jkk111\indigo\assets\bindata.go:234.2,234.56 1 0
github.com\jkk111\indigo\assets\bindata.go:227.43,229.17 2 1
github.com\jkk111\indigo\assets\bindata.go:232.3,232.21 1 1
github.com\jkk111\indigo\assets\bindata.go:229.17,231.4 1 0
github.com\jkk111\indigo\assets\bindata.go:238.28,240.29 2 1
github.com\jkk111\indigo\assets\bindata.go:243.2,243.14 1 1
github.com\jkk111\indigo\assets\bindata.go:240.29,242.3 1 1
github.com\jkk111\indigo\assets\bindata.go:269.46,271.20 2 1
github.com\jkk111\indigo\assets\bindata.go:281.2,281.22 1 1
github.com\jkk111\indigo\assets\bindata.go:284.2,285.39 2 0
github.com\jkk111\indigo\assets\bindata.go:288.2,288.16 1 0
github.com\jkk111\indigo\assets\bindata.go:271.20,274.30 3 1
github.com\jkk111\indigo\assets\bindata.go:274.30,276.19 2 1
github.com\jkk111\indigo\assets\bindata.go:276.19,278.5 1 0
github.com\jkk111\indigo\assets\bindata.go:281.22,283.3 1 1
github.com\jkk111\indigo\assets\bindata.go:285.39,287.3 1 0
github.com\jkk111\indigo\assets\bindata.go:309.43,311.16 2 0
github.com\jkk111\indigo\assets\bindata.go:314.2,315.16 2 0
github.com\jkk111\indigo\assets\bindata.go:318.2,319.16 2 0
github.com\jkk111\indigo\assets\bindata.go:322.2,323.16 2 0
github.com\jkk111\indigo\assets\bindata.go:326.2,327.16 2 0
github.com\jkk111\indigo\assets\bindata.go:330.2,330.12 1 0
github.com\jkk111\indigo\assets\bindata.go:311.16,313.3 1 0
github.com\jkk111\indigo\assets\bindata.go:315.16,317.3 1 0
github.com\jkk111\indigo\assets\bindata.go:319.16,321.3 1 0
github.com\jkk111\indigo\assets\bindata.go:323.16,325.3 1 0
github.com\jkk111\indigo\assets\bindata.go:327.16,329.3 1 0
github.com\jkk111\indigo\assets\bindata.go:334.44,337.16 2 0
github.com\jkk111\indigo\assets\bindata.go:341.2,341.33 1 0
github.com\jkk111\indigo\assets\bindata.go:347.2,347.12 1 0
github.com\jkk111\indigo\assets\bindata.go:337.16,339.3 1 0
github.com\jkk111\indigo\assets\bindata.go:341.33,343.17 2 0
github.com\jkk111\indigo\assets\bindata.go:343.17,345.4 1 0
github.com\jkk111\indigo\assets\bindata.go:350.41,353.2 2 0
