mode: set
github.com\jkk111\indigo\proxy\proxy-router.go:23.71,24.16 1 1
github.com\jkk111\indigo\proxy\proxy-router.go:28.3,28.35 1 1
github.com\jkk111\indigo\proxy\proxy-router.go:24.16,26.4 1 1
github.com\jkk111\indigo\proxy\proxy-router.go:35.50,37.2 1 0
github.com\jkk111\indigo\proxy\proxy-router.go:39.53,42.2 2 0
github.com\jkk111\indigo\proxy\proxy-router.go:44.36,49.2 4 0
github.com\jkk111\indigo\proxy\proxy-router.go:51.37,56.2 4 0
github.com\jkk111\indigo\proxy\proxy-router.go:58.72,60.26 2 0
github.com\jkk111\indigo\proxy\proxy-router.go:73.3,73.13 1 0
github.com\jkk111\indigo\proxy\proxy-router.go:61.23,62.25 1 0
github.com\jkk111\indigo\proxy\proxy-router.go:68.13,70.27 2 0
github.com\jkk111\indigo\proxy\proxy-router.go:62.25,64.8 1 0
github.com\jkk111\indigo\proxy\proxy-router.go:64.13,64.32 1 0
github.com\jkk111\indigo\proxy\proxy-router.go:64.32,66.8 1 0
github.com\jkk111\indigo\proxy\proxy-router.go:79.103,92.2 3 1
github.com\jkk111\indigo\proxy\proxy-router.go:94.88,100.17 4 1
github.com\jkk111\indigo\proxy\proxy-router.go:106.3,106.22 1 1
github.com\jkk111\indigo\proxy\proxy-router.go:114.3,114.17 1 1
github.com\jkk111\indigo\proxy\proxy-router.go:118.3,118.18 1 1
github.com\jkk111\indigo\proxy\proxy-router.go:100.17,103.4 2 0
github.com\jkk111\indigo\proxy\proxy-router.go:106.22,108.4 1 1
github.com\jkk111\indigo\proxy\proxy-router.go:108.9,108.28 1 0
github.com\jkk111\indigo\proxy\proxy-router.go:108.29,110.4 0 0
github.com\jkk111\indigo\proxy\proxy-router.go:110.9,112.4 1 0
github.com\jkk111\indigo\proxy\proxy-router.go:114.17,116.4 1 0
github.com\jkk111\indigo\proxy\proxy-router.go:125.39,128.2 2 1
github.com\jkk111\indigo\proxy\proxy-router.go:130.50,131.32 1 1
github.com\jkk111\indigo\proxy\proxy-router.go:131.32,133.4 1 1
github.com\jkk111\indigo\proxy\proxy-router.go:136.81,142.28 5 1
github.com\jkk111\indigo\proxy\proxy-router.go:148.3,148.61 1 0
github.com\jkk111\indigo\proxy\proxy-router.go:152.3,152.47 1 0
github.com\jkk111\indigo\proxy\proxy-router.go:142.28,144.4 1 1
github.com\jkk111\indigo\proxy\proxy-router.go:144.9,144.26 1 1
github.com\jkk111\indigo\proxy\proxy-router.go:144.26,146.4 1 1
github.com\jkk111\indigo\proxy\proxy-router.go:148.61,150.4 1 0
github.com\jkk111\indigo\proxy\proxy-router.go:152.47,154.4 1 0
github.com\jkk111\indigo\proxy\proxy-router.go:154.9,156.4 1 0
github.com\jkk111\indigo\proxy\proxy-router.go:159.85,162.2 2 1
github.com\jkk111\indigo\proxy\proxy-router.go:168.39,176.2 3 1
github.com\jkk111\indigo\proxy\proxy-router.go:178.90,180.2 1 1
github.com\jkk111\indigo\proxy\proxy-router.go:182.76,186.17 3 1
github.com\jkk111\indigo\proxy\proxy-router.go:190.3,190.17 1 1
github.com\jkk111\indigo\proxy\proxy-router.go:194.3,194.17 1 1
github.com\jkk111\indigo\proxy\proxy-router.go:198.3,200.19 2 1
github.com\jkk111\indigo\proxy\proxy-router.go:186.17,188.4 1 1
github.com\jkk111\indigo\proxy\proxy-router.go:190.17,192.4 1 1
github.com\jkk111\indigo\proxy\proxy-router.go:194.17,196.4 1 0
github.com\jkk111\indigo\proxy\proxy-router.go:200.19,203.25 2 1
github.com\jkk111\indigo\proxy\proxy-router.go:209.5,213.20 3 1
github.com\jkk111\indigo\proxy\proxy-router.go:230.5,240.20 9 1
github.com\jkk111\indigo\proxy\proxy-router.go:246.5,248.26 2 1
github.com\jkk111\indigo\proxy\proxy-router.go:203.25,205.6 1 1
github.com\jkk111\indigo\proxy\proxy-router.go:205.11,205.36 1 0
github.com\jkk111\indigo\proxy\proxy-router.go:205.36,207.6 1 0
github.com\jkk111\indigo\proxy\proxy-router.go:213.20,219.6 1 1
github.com\jkk111\indigo\proxy\proxy-router.go:219.11,222.21 2 0
github.com\jkk111\indigo\proxy\proxy-router.go:227.7,227.28 1 0
github.com\jkk111\indigo\proxy\proxy-router.go:222.21,225.8 2 0
github.com\jkk111\indigo\proxy\proxy-router.go:240.20,242.6 1 1
github.com\jkk111\indigo\proxy\proxy-router.go:242.11,244.6 1 0
github.com\jkk111\indigo\proxy\proxy-router.go:250.9,252.4 1 1
github.com\jkk111\indigo\proxy\proxy-router.go:255.46,257.2 1 0
github.com\jkk111\indigo\proxy\proxy-router.go:259.32,261.2 1 1
github.com\jkk111\indigo\proxy\proxy-rules.go:17.43,20.2 2 1
github.com\jkk111\indigo\proxy\proxy-rules.go:22.73,23.30 1 1
github.com\jkk111\indigo\proxy\proxy-rules.go:23.30,25.4 1 1
github.com\jkk111\indigo\proxy\proxy-rules.go:25.9,27.39 2 0
github.com\jkk111\indigo\proxy\proxy-rules.go:38.60,39.20 1 1
github.com\jkk111\indigo\proxy\proxy-rules.go:43.3,49.40 6 1
github.com\jkk111\indigo\proxy\proxy-rules.go:86.3,86.15 1 1
github.com\jkk111\indigo\proxy\proxy-rules.go:91.3,91.88 1 1
github.com\jkk111\indigo\proxy\proxy-rules.go:39.20,41.4 1 0
github.com\jkk111\indigo\proxy\proxy-rules.go:49.40,53.39 3 1
github.com\jkk111\indigo\proxy\proxy-rules.go:61.5,64.68 3 1
github.com\jkk111\indigo\proxy\proxy-rules.go:53.39,56.6 2 0
github.com\jkk111\indigo\proxy\proxy-rules.go:56.11,59.6 2 1
github.com\jkk111\indigo\proxy\proxy-rules.go:64.68,66.25 2 1
github.com\jkk111\indigo\proxy\proxy-rules.go:72.7,74.44 2 1
github.com\jkk111\indigo\proxy\proxy-rules.go:66.25,68.8 1 0
github.com\jkk111\indigo\proxy\proxy-rules.go:68.13,70.8 1 1
github.com\jkk111\indigo\proxy\proxy-rules.go:74.44,75.29 1 1
github.com\jkk111\indigo\proxy\proxy-rules.go:79.9,81.23 3 1
github.com\jkk111\indigo\proxy\proxy-rules.go:75.29,77.10 1 1
github.com\jkk111\indigo\proxy\proxy-rules.go:86.15,89.4 2 1
github.com\jkk111\indigo\proxy\proxy-rules.go:94.57,100.13 4 1
github.com\jkk111\indigo\proxy\proxy-rules.go:104.3,104.19 1 1
github.com\jkk111\indigo\proxy\proxy-rules.go:110.3,110.11 1 1
github.com\jkk111\indigo\proxy\proxy-rules.go:100.13,102.4 1 0
github.com\jkk111\indigo\proxy\proxy-rules.go:104.19,105.27 1 1
github.com\jkk111\indigo\proxy\proxy-rules.go:105.27,107.6 1 0
github.com\jkk111\indigo\proxy\round-tripper_windows.go:9.124,11.2 1 1
